<?xml version="1.0" encoding="UTF-8"?>
<!-- Generated by org.testng.reporters.JUnitXMLReporter -->
<testsuite ignored="12" hostname="Kavitha" failures="0" tests="5" name="Test" time="0.46" errors="0" timestamp="2025-04-04T20:22:43 IST">
  <testcase classname="GenericBaseClassUtility.BaseClass_AS" name="@BeforeClass beforeClass" time="0.001">
    <failure type="java.io.FileNotFoundException" message="C:\Users\kavit\eclipse-workspace\Advance_selenium\src\test\resources\CommonData.properties (The system cannot find the path specified)">
      <![CDATA[java.io.FileNotFoundException: C:\Users\kavit\eclipse-workspace\Advance_selenium\src\test\resources\CommonData.properties (The system cannot find the path specified)
at java.base/java.io.FileInputStream.open0(Native Method)
at java.base/java.io.FileInputStream.open(FileInputStream.java:211)
at java.base/java.io.FileInputStream.<init>(FileInputStream.java:153)
at java.base/java.io.FileInputStream.<init>(FileInputStream.java:108)
at GenericUtility.PropertiesFileUtility.readingDataFromPropFile(PropertiesFileUtility.java:11)
at GenericBaseClassUtility.BaseClass_AS.beforeClass(BaseClass_AS.java:48)
at java.base/java.util.ArrayList.forEach(ArrayList.java:1511)
... Removed 25 stack frames]]>
    </failure>
  </testcase> <!-- @BeforeClass beforeClass -->
  <testcase classname="GenericBaseClassUtility.BaseClass_AS" name="@BeforeMethod beforeMethod" time="0.0">
    <skipped/>
  </testcase> <!-- @BeforeMethod beforeMethod -->
  <testcase classname="GenericBaseClassUtility.BaseClass_AS" name="@AfterMethod afterMethod" time="0.0">
    <skipped/>
  </testcase> <!-- @AfterMethod afterMethod -->
  <testcase classname="GenericBaseClassUtility.BaseClass_AS" name="@AfterClass afterClass" time="0.0">
    <skipped/>
  </testcase> <!-- @AfterClass afterClass -->
  <testcase classname="GenericBaseClassUtility.BaseClass_AS" name="@BeforeClass beforeClass" time="0.002">
    <failure type="java.io.FileNotFoundException" message="C:\Users\kavit\eclipse-workspace\Advance_selenium\src\test\resources\CommonData.properties (The system cannot find the path specified)">
      <![CDATA[java.io.FileNotFoundException: C:\Users\kavit\eclipse-workspace\Advance_selenium\src\test\resources\CommonData.properties (The system cannot find the path specified)
at java.base/java.io.FileInputStream.open0(Native Method)
at java.base/java.io.FileInputStream.open(FileInputStream.java:211)
at java.base/java.io.FileInputStream.<init>(FileInputStream.java:153)
at java.base/java.io.FileInputStream.<init>(FileInputStream.java:108)
at GenericUtility.PropertiesFileUtility.readingDataFromPropFile(PropertiesFileUtility.java:11)
at GenericBaseClassUtility.BaseClass_AS.beforeClass(BaseClass_AS.java:48)
at java.base/java.util.ArrayList.forEach(ArrayList.java:1511)
... Removed 25 stack frames]]>
    </failure>
  </testcase> <!-- @BeforeClass beforeClass -->
  <testcase classname="GenericBaseClassUtility.BaseClass_AS" name="@BeforeMethod beforeMethod" time="0.0">
    <skipped/>
  </testcase> <!-- @BeforeMethod beforeMethod -->
  <testcase classname="GenericBaseClassUtility.BaseClass_AS" name="@AfterMethod afterMethod" time="0.0">
    <skipped/>
  </testcase> <!-- @AfterMethod afterMethod -->
  <testcase classname="GenericBaseClassUtility.BaseClass_AS" name="@AfterClass afterClass" time="0.0">
    <skipped/>
  </testcase> <!-- @AfterClass afterClass -->
  <testcase classname="GenericBaseClassUtility.BaseClass_AS" name="@BeforeClass beforeClass" time="0.008">
    <failure type="java.io.FileNotFoundException" message="C:\Users\kavit\eclipse-workspace\Advance_selenium\src\test\resources\CommonData.properties (The system cannot find the path specified)">
      <![CDATA[java.io.FileNotFoundException: C:\Users\kavit\eclipse-workspace\Advance_selenium\src\test\resources\CommonData.properties (The system cannot find the path specified)
at java.base/java.io.FileInputStream.open0(Native Method)
at java.base/java.io.FileInputStream.open(FileInputStream.java:211)
at java.base/java.io.FileInputStream.<init>(FileInputStream.java:153)
at java.base/java.io.FileInputStream.<init>(FileInputStream.java:108)
at GenericUtility.PropertiesFileUtility.readingDataFromPropFile(PropertiesFileUtility.java:11)
at GenericBaseClassUtility.BaseClass_AS.beforeClass(BaseClass_AS.java:48)
at java.base/java.util.ArrayList.forEach(ArrayList.java:1511)
... Removed 25 stack frames]]>
    </failure>
  </testcase> <!-- @BeforeClass beforeClass -->
  <testcase classname="GenericBaseClassUtility.BaseClass_AS" name="@BeforeMethod beforeMethod" time="0.0">
    <skipped/>
  </testcase> <!-- @BeforeMethod beforeMethod -->
  <testcase classname="GenericBaseClassUtility.BaseClass_AS" name="@AfterMethod afterMethod" time="0.0">
    <skipped/>
  </testcase> <!-- @AfterMethod afterMethod -->
  <testcase classname="GenericBaseClassUtility.BaseClass_AS" name="@AfterClass afterClass" time="0.0">
    <skipped/>
  </testcase> <!-- @AfterClass afterClass -->
  <testcase classname="GenericBaseClassUtility.BaseClass_AS" name="@BeforeClass beforeClass" time="0.003">
    <failure type="java.io.FileNotFoundException" message="C:\Users\kavit\eclipse-workspace\Advance_selenium\src\test\resources\CommonData.properties (The system cannot find the path specified)">
      <![CDATA[java.io.FileNotFoundException: C:\Users\kavit\eclipse-workspace\Advance_selenium\src\test\resources\CommonData.properties (The system cannot find the path specified)
at java.base/java.io.FileInputStream.open0(Native Method)
at java.base/java.io.FileInputStream.open(FileInputStream.java:211)
at java.base/java.io.FileInputStream.<init>(FileInputStream.java:153)
at java.base/java.io.FileInputStream.<init>(FileInputStream.java:108)
at GenericUtility.PropertiesFileUtility.readingDataFromPropFile(PropertiesFileUtility.java:11)
at GenericBaseClassUtility.BaseClass_AS.beforeClass(BaseClass_AS.java:48)
at java.base/java.util.ArrayList.forEach(ArrayList.java:1511)
... Removed 25 stack frames]]>
    </failure>
  </testcase> <!-- @BeforeClass beforeClass -->
  <testcase classname="GenericBaseClassUtility.BaseClass_AS" name="@BeforeMethod beforeMethod" time="0.0">
    <skipped/>
  </testcase> <!-- @BeforeMethod beforeMethod -->
  <testcase classname="GenericBaseClassUtility.BaseClass_AS" name="@AfterMethod afterMethod" time="0.0">
    <skipped/>
  </testcase> <!-- @AfterMethod afterMethod -->
  <testcase classname="GenericBaseClassUtility.BaseClass_AS" name="@BeforeMethod beforeMethod" time="0.0">
    <skipped/>
  </testcase> <!-- @BeforeMethod beforeMethod -->
  <testcase classname="GenericBaseClassUtility.BaseClass_AS" name="@AfterMethod afterMethod" time="0.0">
    <skipped/>
  </testcase> <!-- @AfterMethod afterMethod -->
  <testcase classname="GenericBaseClassUtility.BaseClass_AS" name="@AfterClass afterClass" time="0.0">
    <skipped/>
  </testcase> <!-- @AfterClass afterClass -->
  <testcase classname="Contacts.CreateContactsTest" name="createContactWithCampaignTest" time="0.0">
    <skipped/>
  </testcase> <!-- createContactWithCampaignTest -->
  <testcase classname="Products.Create_AddProductsTest" name="addProductTest" time="0.0">
    <skipped/>
  </testcase> <!-- addProductTest -->
  <testcase classname="Login.LoginTest" name="createLoginTest" time="0.0">
    <skipped/>
  </testcase> <!-- createLoginTest -->
  <testcase classname="CampaignTest.CreateCampaignWithMandatoryFieldsTest" name="createCampaignTest" time="0.0">
    <skipped/>
  </testcase> <!-- createCampaignTest -->
  <testcase classname="CampaignTest.CreateCampaignWithMandatoryFieldsTest" name="createCampaignWithCloseDateTest" time="0.0">
    <skipped/>
  </testcase> <!-- createCampaignWithCloseDateTest -->
  <testcase classname="GenericBaseClassUtility.BaseClass_AS" name="@AfterSuite afterSuite" time="0.0">
    <ignored/>
  </testcase> <!-- @AfterSuite afterSuite -->
  <testcase classname="GenericBaseClassUtility.BaseClass_AS" name="@AfterSuite afterSuite" time="0.0">
    <ignored/>
  </testcase> <!-- @AfterSuite afterSuite -->
  <testcase classname="GenericBaseClassUtility.BaseClass_AS" name="@BeforeTest beforeTest" time="0.0">
    <ignored/>
  </testcase> <!-- @BeforeTest beforeTest -->
  <testcase classname="GenericBaseClassUtility.BaseClass_AS" name="@BeforeSuite beforeSuite" time="0.0">
    <ignored/>
  </testcase> <!-- @BeforeSuite beforeSuite -->
  <testcase classname="GenericBaseClassUtility.BaseClass_AS" name="@AfterSuite afterSuite" time="0.0">
    <ignored/>
  </testcase> <!-- @AfterSuite afterSuite -->
  <testcase classname="GenericBaseClassUtility.BaseClass_AS" name="@BeforeTest beforeTest" time="0.0">
    <ignored/>
  </testcase> <!-- @BeforeTest beforeTest -->
  <testcase classname="GenericBaseClassUtility.BaseClass_AS" name="@BeforeSuite beforeSuite" time="0.0">
    <ignored/>
  </testcase> <!-- @BeforeSuite beforeSuite -->
  <testcase classname="GenericBaseClassUtility.BaseClass_AS" name="@AfterTest afterTest" time="0.0">
    <ignored/>
  </testcase> <!-- @AfterTest afterTest -->
  <testcase classname="GenericBaseClassUtility.BaseClass_AS" name="@BeforeSuite beforeSuite" time="0.0">
    <ignored/>
  </testcase> <!-- @BeforeSuite beforeSuite -->
  <testcase classname="GenericBaseClassUtility.BaseClass_AS" name="@BeforeTest beforeTest" time="0.0">
    <ignored/>
  </testcase> <!-- @BeforeTest beforeTest -->
  <testcase classname="GenericBaseClassUtility.BaseClass_AS" name="@AfterTest afterTest" time="0.0">
    <ignored/>
  </testcase> <!-- @AfterTest afterTest -->
  <testcase classname="GenericBaseClassUtility.BaseClass_AS" name="@AfterTest afterTest" time="0.0">
    <ignored/>
  </testcase> <!-- @AfterTest afterTest -->
</testsuite> <!-- Test -->
